Flutter crash report; please file at https://github.com/flutter/flutter/issues.

## command

flutter packages get

## exception

String: Exit code 1 from: /usr/bin/xcodebuild -project /Users/saqibansari/Documents/tic_tac_toe/ios/Runner.xcodeproj -target Runner -showBuildSettings

```
#0      _runWithLoggingSync (package:flutter_tools/src/base/process.dart:341)
#1      runCheckedSync (package:flutter_tools/src/base/process.dart:273)
#2      XcodeProjectInterpreter.getBuildSettings (package:flutter_tools/src/ios/xcodeproj.dart:99)
#3      CocoaPods.setupPodfile (package:flutter_tools/src/ios/cocoapods.dart:114)
#4      injectPlugins (package:flutter_tools/src/plugins.dart:246)
#5      FlutterProject.ensureReadyForPlatformSpecificTooling (package:flutter_tools/src/project.dart:62)
#6      PackagesGetCommand.runCommand (package:flutter_tools/src/commands/packages.dart:80)
<asynchronous suspension>
#7      FlutterCommand.verifyThenRunCommand (package:flutter_tools/src/runner/flutter_command.dart:290)
<asynchronous suspension>
#8      FlutterCommand.run (package:flutter_tools/src/runner/flutter_command.dart:228)
<asynchronous suspension>
#9      CommandRunner.runCommand (package:args/command_runner.dart:194)
<asynchronous suspension>
#10     FlutterCommandRunner.runCommand (package:flutter_tools/src/runner/flutter_command_runner.dart:286)
<asynchronous suspension>
#11     CommandRunner.run.<anonymous closure> (package:args/command_runner.dart:109)
#12     new Future.sync (dart:async/future.dart:222)
#13     CommandRunner.run (package:args/command_runner.dart:109)
#14     FlutterCommandRunner.run (package:flutter_tools/src/runner/flutter_command_runner.dart:166)
#15     run.<anonymous closure> (package:flutter_tools/runner.dart:90)
<asynchronous suspension>
#16     AppContext._run (package:flutter_tools/src/base/context.dart:76)
<asynchronous suspension>
#17     AppContext.runInZone.<anonymous closure> (package:flutter_tools/src/base/context.dart:66)
#18     _rootRun (dart:async/zone.dart:1126)
#19     _CustomZone.run (dart:async/zone.dart:1023)
#20     runZoned (dart:async/zone.dart:1501)
#21     AppContext.runInZone (package:flutter_tools/src/base/context.dart:65)
#22     run (package:flutter_tools/runner.dart:61)
<asynchronous suspension>
#23     main (package:flutter_tools/executable.dart:48)
<asynchronous suspension>
#24     main (file:///Users/saqibansari/flutter/packages/flutter_tools/bin/flutter_tools.dart:16)
#25     _startIsolate.<anonymous closure> (dart:isolate-patch/dart:isolate/isolate_patch.dart:277)
#26     _RawReceivePortImpl._handleMessage (dart:isolate-patch/dart:isolate/isolate_patch.dart:165)
```

## flutter doctor

```
[✓] Flutter (Channel beta, v0.1.5, on Mac OS X 10.13.3 17D47, locale en-IN)
    • Flutter version 0.1.5 at /Users/saqibansari/flutter
    • Framework revision 3ea4d06340 (2 weeks ago), 2018-02-22 11:12:39 -0800
    • Engine revision ead227f118
    • Dart version 2.0.0-dev.28.0.flutter-0b4f01f759

[✓] Android toolchain - develop for Android devices (Android SDK 27.0.3)
    • Android SDK at /Users/saqibansari/Library/Android/sdk
    • Android NDK location not configured (optional; useful for native profiling support)
    • Platform android-27, build-tools 27.0.3
    • Java binary at: /Applications/Android Studio.app/Contents/jre/jdk/Contents/Home/bin/java
    • Java version OpenJDK Runtime Environment (build 1.8.0_152-release-915-b08)

[!] iOS toolchain - develop for iOS devices
    ✗ Xcode installation is incomplete; a full installation is necessary for iOS development.
      Download at: https://developer.apple.com/xcode/download/
      Or install Xcode via the App Store.
      Once installed, run:
        sudo xcode-select --switch /Applications/Xcode.app/Contents/Developer
    ✗ libimobiledevice and ideviceinstaller are not installed. To install, run:
        brew install --HEAD libimobiledevice
        brew install ideviceinstaller
    ✗ ios-deploy not installed. To install:
        brew install ios-deploy
    ✗ CocoaPods not installed.
        CocoaPods is used to retrieve the iOS platform side's plugin code that responds to your plugin usage on the Dart side.
        Without resolving iOS dependencies with CocoaPods, plugins will not work on iOS.
        For more info, see https://flutter.io/platform-plugins
      To install:
        brew install cocoapods
        pod setup

[✓] Android Studio (version 3.0)
    • Android Studio at /Applications/Android Studio.app/Contents
    • Java version OpenJDK Runtime Environment (build 1.8.0_152-release-915-b08)

[✓] VS Code (version 1.21.0)
    • VS Code at /Applications/Visual Studio Code.app/Contents
    • Dart Code extension version 2.10.0

[✓] Connected devices (1 available)
    • XT1686 • 192.168.43.1:5555 • android-arm64 • Android 8.1.0 (API 27)

! Doctor found issues in 1 category.
```
